Performing C++ SOURCE FILE Test CMAKE_HAVE_LIBC_PTHREAD failed with the following output:
Change Dir: /home/margot/NFS-Next-Gen/CMakeFiles/CMakeTmp

Run Build Command(s):/usr/bin/make cmTC_0f615/fast && /usr/bin/make -f CMakeFiles/cmTC_0f615.dir/build.make CMakeFiles/cmTC_0f615.dir/build
make[1]: Entering directory '/home/margot/NFS-Next-Gen/CMakeFiles/CMakeTmp'
Building CXX object CMakeFiles/cmTC_0f615.dir/src.cxx.o
/usr/bin/c++    -lm -Wno-unknown-pragmas  -fprofile-arcs -ftest-coverage -lgcov -DCMAKE_HAVE_LIBC_PTHREAD   -std=gnu++14 -o CMakeFiles/cmTC_0f615.dir/src.cxx.o -c /home/margot/NFS-Next-Gen/CMakeFiles/CMakeTmp/src.cxx
Linking CXX executable cmTC_0f615
/home/margot/Downloads/clion-2019.3.4/bin/cmake/linux/bin/cmake -E cmake_link_script CMakeFiles/cmTC_0f615.dir/link.txt --verbose=1
/usr/bin/c++  -lm -Wno-unknown-pragmas  -fprofile-arcs -ftest-coverage -lgcov -DCMAKE_HAVE_LIBC_PTHREAD  -lgcov --coverage  CMakeFiles/cmTC_0f615.dir/src.cxx.o  -o cmTC_0f615 
/usr/bin/ld: CMakeFiles/cmTC_0f615.dir/src.cxx.o: in function `main':
src.cxx:(.text+0x6a): undefined reference to `pthread_create'
/usr/bin/ld: src.cxx:(.text+0x88): undefined reference to `pthread_detach'
/usr/bin/ld: src.cxx:(.text+0xab): undefined reference to `pthread_join'
collect2: error: ld returned 1 exit status
make[1]: *** [CMakeFiles/cmTC_0f615.dir/build.make:87: cmTC_0f615] Error 1
make[1]: Leaving directory '/home/margot/NFS-Next-Gen/CMakeFiles/CMakeTmp'
make: *** [Makefile:121: cmTC_0f615/fast] Error 2


Source file was:
#include <pthread.h>

void* test_func(void* data)
{
  return data;
}

int main(void)
{
  pthread_t thread;
  pthread_create(&thread, NULL, test_func, NULL);
  pthread_detach(thread);
  pthread_join(thread, NULL);
  pthread_atfork(NULL, NULL, NULL);
  pthread_exit(NULL);

  return 0;
}

Determining if the function pthread_create exists in the pthreads failed with the following output:
Change Dir: /home/margot/NFS-Next-Gen/CMakeFiles/CMakeTmp

Run Build Command(s):/usr/bin/make cmTC_e7b38/fast && /usr/bin/make -f CMakeFiles/cmTC_e7b38.dir/build.make CMakeFiles/cmTC_e7b38.dir/build
make[1]: Entering directory '/home/margot/NFS-Next-Gen/CMakeFiles/CMakeTmp'
Building CXX object CMakeFiles/cmTC_e7b38.dir/CheckFunctionExists.cxx.o
/usr/bin/c++    -lm -Wno-unknown-pragmas  -fprofile-arcs -ftest-coverage -lgcov -DCHECK_FUNCTION_EXISTS=pthread_create   -std=gnu++14 -o CMakeFiles/cmTC_e7b38.dir/CheckFunctionExists.cxx.o -c /home/margot/NFS-Next-Gen/CMakeFiles/CheckLibraryExists/CheckFunctionExists.cxx
Linking CXX executable cmTC_e7b38
/home/margot/Downloads/clion-2019.3.4/bin/cmake/linux/bin/cmake -E cmake_link_script CMakeFiles/cmTC_e7b38.dir/link.txt --verbose=1
/usr/bin/c++  -lm -Wno-unknown-pragmas  -fprofile-arcs -ftest-coverage -lgcov -DCHECK_FUNCTION_EXISTS=pthread_create  -lgcov --coverage  CMakeFiles/cmTC_e7b38.dir/CheckFunctionExists.cxx.o  -o cmTC_e7b38 -lpthreads 
/usr/bin/ld: cannot find -lpthreads
collect2: error: ld returned 1 exit status
make[1]: *** [CMakeFiles/cmTC_e7b38.dir/build.make:87: cmTC_e7b38] Error 1
make[1]: Leaving directory '/home/margot/NFS-Next-Gen/CMakeFiles/CMakeTmp'
make: *** [Makefile:121: cmTC_e7b38/fast] Error 2



